{
  "timestamp": "2025-02-07T15:46:39.385Z",
  "method": "GET",
  "url": "/api/tasks",
  "statusCode": 400,
  "clientIp": "::1",
  "userAgent": "PostmanRuntime/7.43.0",
  "queryParams": {},
  "requestBody": {},
  "headers": {
    "user-agent": "PostmanRuntime/7.43.0",
    "accept": "*/*",
    "cache-control": "no-cache",
    "postman-token": "ce27e2fd-af52-415a-a386-a41540afb5c6",
    "host": "localhost:3000",
    "accept-encoding": "gzip, deflate, br",
    "connection": "keep-alive"
  },
  "responseTimeMs": "3.51 ms"
},
{
  "timestamp": "2025-02-07T15:46:56.695Z",
  "method": "GET",
  "url": "/api/tasks",
  "statusCode": 400,
  "clientIp": "::1",
  "userAgent": "PostmanRuntime/7.43.0",
  "queryParams": {},
  "requestBody": {},
  "headers": {
    "user-agent": "PostmanRuntime/7.43.0",
    "accept": "*/*",
    "cache-control": "no-cache",
    "postman-token": "affef741-a453-4ba3-a420-b89700a57744",
    "host": "localhost:3000",
    "accept-encoding": "gzip, deflate, br",
    "connection": "keep-alive"
  },
  "responseTimeMs": "1.69 ms"
},
{
  "timestamp": "2025-02-07T17:54:03.523Z",
  "method": "GET",
  "url": "/api",
  "statusCode": 404,
  "clientIp": "::1",
  "userAgent": "PostmanRuntime/7.43.0",
  "queryParams": {},
  "requestBody": {},
  "headers": {
    "user-agent": "PostmanRuntime/7.43.0",
    "accept": "*/*",
    "cache-control": "no-cache",
    "postman-token": "7379bb6a-bfea-40ee-9173-f077880fd514",
    "host": "localhost:3000",
    "accept-encoding": "gzip, deflate, br",
    "connection": "keep-alive"
  },
  "responseTimeMs": "14.17 ms"
},
{
  "timestamp": "2025-02-07T17:54:29.272Z",
  "method": "GET",
  "url": "/api/tasks?tempUserId=4729539b-a442-46aa-a31f-7790b4dde6ef",
  "statusCode": 200,
  "clientIp": "::1",
  "userAgent": "Mozilla/5.0 (Windows NT 10.0; Win64; x64) AppleWebKit/537.36 (KHTML, like Gecko) Chrome/132.0.0.0 Safari/537.36",
  "queryParams": {
    "tempUserId": "4729539b-a442-46aa-a31f-7790b4dde6ef"
  },
  "requestBody": {},
  "headers": {
    "host": "localhost:3000",
    "connection": "keep-alive",
    "sec-ch-ua-platform": "\"Windows\"",
    "user-agent": "Mozilla/5.0 (Windows NT 10.0; Win64; x64) AppleWebKit/537.36 (KHTML, like Gecko) Chrome/132.0.0.0 Safari/537.36",
    "accept": "application/json, text/plain, */*",
    "sec-ch-ua": "\"Not A(Brand\";v=\"8\", \"Chromium\";v=\"132\", \"Google Chrome\";v=\"132\"",
    "sec-ch-ua-mobile": "?0",
    "origin": "http://localhost:8081",
    "sec-fetch-site": "same-site",
    "sec-fetch-mode": "cors",
    "sec-fetch-dest": "empty",
    "referer": "http://localhost:8081/",
    "accept-encoding": "gzip, deflate, br, zstd",
    "accept-language": "pt-BR,pt;q=0.9,en-US;q=0.8,en;q=0.7"
  },
  "responseTimeMs": "6793.38 ms"
},
{
  "timestamp": "2025-02-07T17:54:29.300Z",
  "method": "GET",
  "url": "/api/phrases",
  "statusCode": 200,
  "clientIp": "::1",
  "userAgent": "Mozilla/5.0 (Windows NT 10.0; Win64; x64) AppleWebKit/537.36 (KHTML, like Gecko) Chrome/132.0.0.0 Safari/537.36",
  "queryParams": {},
  "requestBody": {},
  "headers": {
    "host": "localhost:3000",
    "connection": "keep-alive",
    "sec-ch-ua-platform": "\"Windows\"",
    "user-agent": "Mozilla/5.0 (Windows NT 10.0; Win64; x64) AppleWebKit/537.36 (KHTML, like Gecko) Chrome/132.0.0.0 Safari/537.36",
    "accept": "application/json, text/plain, */*",
    "sec-ch-ua": "\"Not A(Brand\";v=\"8\", \"Chromium\";v=\"132\", \"Google Chrome\";v=\"132\"",
    "sec-ch-ua-mobile": "?0",
    "origin": "http://localhost:8081",
    "sec-fetch-site": "same-site",
    "sec-fetch-mode": "cors",
    "sec-fetch-dest": "empty",
    "referer": "http://localhost:8081/",
    "accept-encoding": "gzip, deflate, br, zstd",
    "accept-language": "pt-BR,pt;q=0.9,en-US;q=0.8,en;q=0.7"
  },
  "responseTimeMs": "20.69 ms"
},
{
  "timestamp": "2025-02-07T17:54:29.385Z",
  "method": "GET",
  "url": "/api/tasks?tempUserId=4729539b-a442-46aa-a31f-7790b4dde6ef",
  "statusCode": 304,
  "clientIp": "::1",
  "userAgent": "Mozilla/5.0 (Windows NT 10.0; Win64; x64) AppleWebKit/537.36 (KHTML, like Gecko) Chrome/132.0.0.0 Safari/537.36",
  "queryParams": {
    "tempUserId": "4729539b-a442-46aa-a31f-7790b4dde6ef"
  },
  "requestBody": {},
  "headers": {
    "host": "localhost:3000",
    "connection": "keep-alive",
    "sec-ch-ua-platform": "\"Windows\"",
    "user-agent": "Mozilla/5.0 (Windows NT 10.0; Win64; x64) AppleWebKit/537.36 (KHTML, like Gecko) Chrome/132.0.0.0 Safari/537.36",
    "accept": "application/json, text/plain, */*",
    "sec-ch-ua": "\"Not A(Brand\";v=\"8\", \"Chromium\";v=\"132\", \"Google Chrome\";v=\"132\"",
    "sec-ch-ua-mobile": "?0",
    "origin": "http://localhost:8081",
    "sec-fetch-site": "same-site",
    "sec-fetch-mode": "cors",
    "sec-fetch-dest": "empty",
    "referer": "http://localhost:8081/",
    "accept-encoding": "gzip, deflate, br, zstd",
    "accept-language": "pt-BR,pt;q=0.9,en-US;q=0.8,en;q=0.7",
    "if-none-match": "W/\"2-l9Fw4VUO7kr8CvBlt4zaMCqXZ0w\""
  },
  "responseTimeMs": "79.59 ms"
},
{
  "timestamp": "2025-02-07T17:54:29.396Z",
  "method": "GET",
  "url": "/api/phrases",
  "statusCode": 304,
  "clientIp": "::1",
  "userAgent": "Mozilla/5.0 (Windows NT 10.0; Win64; x64) AppleWebKit/537.36 (KHTML, like Gecko) Chrome/132.0.0.0 Safari/537.36",
  "queryParams": {},
  "requestBody": {},
  "headers": {
    "host": "localhost:3000",
    "connection": "keep-alive",
    "sec-ch-ua-platform": "\"Windows\"",
    "user-agent": "Mozilla/5.0 (Windows NT 10.0; Win64; x64) AppleWebKit/537.36 (KHTML, like Gecko) Chrome/132.0.0.0 Safari/537.36",
    "accept": "application/json, text/plain, */*",
    "sec-ch-ua": "\"Not A(Brand\";v=\"8\", \"Chromium\";v=\"132\", \"Google Chrome\";v=\"132\"",
    "sec-ch-ua-mobile": "?0",
    "origin": "http://localhost:8081",
    "sec-fetch-site": "same-site",
    "sec-fetch-mode": "cors",
    "sec-fetch-dest": "empty",
    "referer": "http://localhost:8081/",
    "accept-encoding": "gzip, deflate, br, zstd",
    "accept-language": "pt-BR,pt;q=0.9,en-US;q=0.8,en;q=0.7",
    "if-none-match": "W/\"59-5bftBMyLVQBCIG9lVCri+FV0hmw\""
  },
  "responseTimeMs": "5.19 ms"
},
{
  "timestamp": "2025-02-07T17:54:35.949Z",
  "method": "POST",
  "url": "/api/tasks",
  "statusCode": 201,
  "clientIp": "::1",
  "userAgent": "Mozilla/5.0 (Windows NT 10.0; Win64; x64) AppleWebKit/537.36 (KHTML, like Gecko) Chrome/132.0.0.0 Safari/537.36",
  "queryParams": {},
  "requestBody": {
    "userId": "",
    "text": "Teste 1",
    "completed": false,
    "createdAt": "2025-02-07T17:54:35.654Z",
    "updatedAt": "2025-02-07T17:54:35.654Z",
    "tempUserId": "4729539b-a442-46aa-a31f-7790b4dde6ef",
    "isRecurring": true,
    "recurrencePattern": "daily",
    "startDate": "2025-02-07T17:54:32.678Z",
    "endDate": ""
  },
  "headers": {
    "host": "localhost:3000",
    "connection": "keep-alive",
    "content-length": "277",
    "sec-ch-ua-platform": "\"Windows\"",
    "user-agent": "Mozilla/5.0 (Windows NT 10.0; Win64; x64) AppleWebKit/537.36 (KHTML, like Gecko) Chrome/132.0.0.0 Safari/537.36",
    "sec-ch-ua": "\"Not A(Brand\";v=\"8\", \"Chromium\";v=\"132\", \"Google Chrome\";v=\"132\"",
    "content-type": "application/json",
    "sec-ch-ua-mobile": "?0",
    "accept": "*/*",
    "origin": "http://localhost:8081",
    "sec-fetch-site": "same-site",
    "sec-fetch-mode": "cors",
    "sec-fetch-dest": "empty",
    "referer": "http://localhost:8081/",
    "accept-encoding": "gzip, deflate, br, zstd",
    "accept-language": "pt-BR,pt;q=0.9,en-US;q=0.8,en;q=0.7"
  },
  "responseTimeMs": "287.36 ms"
},
{
  "timestamp": "2025-02-07T17:54:36.101Z",
  "method": "GET",
  "url": "/api/tasks?tempUserId=4729539b-a442-46aa-a31f-7790b4dde6ef",
  "statusCode": 200,
  "clientIp": "::1",
  "userAgent": "Mozilla/5.0 (Windows NT 10.0; Win64; x64) AppleWebKit/537.36 (KHTML, like Gecko) Chrome/132.0.0.0 Safari/537.36",
  "queryParams": {
    "tempUserId": "4729539b-a442-46aa-a31f-7790b4dde6ef"
  },
  "requestBody": {},
  "headers": {
    "host": "localhost:3000",
    "connection": "keep-alive",
    "sec-ch-ua-platform": "\"Windows\"",
    "user-agent": "Mozilla/5.0 (Windows NT 10.0; Win64; x64) AppleWebKit/537.36 (KHTML, like Gecko) Chrome/132.0.0.0 Safari/537.36",
    "accept": "application/json, text/plain, */*",
    "sec-ch-ua": "\"Not A(Brand\";v=\"8\", \"Chromium\";v=\"132\", \"Google Chrome\";v=\"132\"",
    "sec-ch-ua-mobile": "?0",
    "origin": "http://localhost:8081",
    "sec-fetch-site": "same-site",
    "sec-fetch-mode": "cors",
    "sec-fetch-dest": "empty",
    "referer": "http://localhost:8081/",
    "accept-encoding": "gzip, deflate, br, zstd",
    "accept-language": "pt-BR,pt;q=0.9,en-US;q=0.8,en;q=0.7",
    "if-none-match": "W/\"2-l9Fw4VUO7kr8CvBlt4zaMCqXZ0w\""
  },
  "responseTimeMs": "84.30 ms"
},
{
  "timestamp": "2025-02-07T17:59:49.100Z",
  "method": "PUT",
  "url": "/api/tasks/BA3gVYauCIJ0Il7utepV",
  "statusCode": 200,
  "clientIp": "::1",
  "userAgent": "Mozilla/5.0 (Windows NT 10.0; Win64; x64) AppleWebKit/537.36 (KHTML, like Gecko) Chrome/132.0.0.0 Safari/537.36",
  "queryParams": {},
  "requestBody": {
    "text": "Teste 1",
    "completed": true,
    "updatedAt": "2025-02-07T17:59:48.650Z"
  },
  "headers": {
    "host": "localhost:3000",
    "connection": "keep-alive",
    "content-length": "74",
    "sec-ch-ua-platform": "\"Windows\"",
    "user-agent": "Mozilla/5.0 (Windows NT 10.0; Win64; x64) AppleWebKit/537.36 (KHTML, like Gecko) Chrome/132.0.0.0 Safari/537.36",
    "sec-ch-ua": "\"Not A(Brand\";v=\"8\", \"Chromium\";v=\"132\", \"Google Chrome\";v=\"132\"",
    "content-type": "application/json",
    "sec-ch-ua-mobile": "?0",
    "accept": "*/*",
    "origin": "http://localhost:8081",
    "sec-fetch-site": "same-site",
    "sec-fetch-mode": "cors",
    "sec-fetch-dest": "empty",
    "referer": "http://localhost:8081/",
    "accept-encoding": "gzip, deflate, br, zstd",
    "accept-language": "pt-BR,pt;q=0.9,en-US;q=0.8,en;q=0.7"
  },
  "responseTimeMs": "443.37 ms"
},
{
  "timestamp": "2025-02-07T17:59:49.209Z",
  "method": "GET",
  "url": "/api/tasks?tempUserId=4729539b-a442-46aa-a31f-7790b4dde6ef",
  "statusCode": 200,
  "clientIp": "::1",
  "userAgent": "Mozilla/5.0 (Windows NT 10.0; Win64; x64) AppleWebKit/537.36 (KHTML, like Gecko) Chrome/132.0.0.0 Safari/537.36",
  "queryParams": {
    "tempUserId": "4729539b-a442-46aa-a31f-7790b4dde6ef"
  },
  "requestBody": {},
  "headers": {
    "host": "localhost:3000",
    "connection": "keep-alive",
    "sec-ch-ua-platform": "\"Windows\"",
    "user-agent": "Mozilla/5.0 (Windows NT 10.0; Win64; x64) AppleWebKit/537.36 (KHTML, like Gecko) Chrome/132.0.0.0 Safari/537.36",
    "accept": "application/json, text/plain, */*",
    "sec-ch-ua": "\"Not A(Brand\";v=\"8\", \"Chromium\";v=\"132\", \"Google Chrome\";v=\"132\"",
    "sec-ch-ua-mobile": "?0",
    "origin": "http://localhost:8081",
    "sec-fetch-site": "same-site",
    "sec-fetch-mode": "cors",
    "sec-fetch-dest": "empty",
    "referer": "http://localhost:8081/",
    "accept-encoding": "gzip, deflate, br, zstd",
    "accept-language": "pt-BR,pt;q=0.9,en-US;q=0.8,en;q=0.7",
    "if-none-match": "W/\"16b-cF/3HG9Q8CRa2PAr5h1879fcjz0\""
  },
  "responseTimeMs": "98.35 ms"
},
{
  "timestamp": "2025-02-07T17:59:51.236Z",
  "method": "DELETE",
  "url": "/api/tasks/BA3gVYauCIJ0Il7utepV",
  "statusCode": 200,
  "clientIp": "::1",
  "userAgent": "Mozilla/5.0 (Windows NT 10.0; Win64; x64) AppleWebKit/537.36 (KHTML, like Gecko) Chrome/132.0.0.0 Safari/537.36",
  "queryParams": {},
  "requestBody": {},
  "headers": {
    "host": "localhost:3000",
    "connection": "keep-alive",
    "sec-ch-ua-platform": "\"Windows\"",
    "user-agent": "Mozilla/5.0 (Windows NT 10.0; Win64; x64) AppleWebKit/537.36 (KHTML, like Gecko) Chrome/132.0.0.0 Safari/537.36",
    "sec-ch-ua": "\"Not A(Brand\";v=\"8\", \"Chromium\";v=\"132\", \"Google Chrome\";v=\"132\"",
    "sec-ch-ua-mobile": "?0",
    "accept": "*/*",
    "origin": "http://localhost:8081",
    "sec-fetch-site": "same-site",
    "sec-fetch-mode": "cors",
    "sec-fetch-dest": "empty",
    "referer": "http://localhost:8081/",
    "accept-encoding": "gzip, deflate, br, zstd",
    "accept-language": "pt-BR,pt;q=0.9,en-US;q=0.8,en;q=0.7"
  },
  "responseTimeMs": "196.32 ms"
},
{
  "timestamp": "2025-02-07T17:59:51.330Z",
  "method": "GET",
  "url": "/api/tasks?tempUserId=4729539b-a442-46aa-a31f-7790b4dde6ef",
  "statusCode": 200,
  "clientIp": "::1",
  "userAgent": "Mozilla/5.0 (Windows NT 10.0; Win64; x64) AppleWebKit/537.36 (KHTML, like Gecko) Chrome/132.0.0.0 Safari/537.36",
  "queryParams": {
    "tempUserId": "4729539b-a442-46aa-a31f-7790b4dde6ef"
  },
  "requestBody": {},
  "headers": {
    "host": "localhost:3000",
    "connection": "keep-alive",
    "sec-ch-ua-platform": "\"Windows\"",
    "user-agent": "Mozilla/5.0 (Windows NT 10.0; Win64; x64) AppleWebKit/537.36 (KHTML, like Gecko) Chrome/132.0.0.0 Safari/537.36",
    "accept": "application/json, text/plain, */*",
    "sec-ch-ua": "\"Not A(Brand\";v=\"8\", \"Chromium\";v=\"132\", \"Google Chrome\";v=\"132\"",
    "sec-ch-ua-mobile": "?0",
    "origin": "http://localhost:8081",
    "sec-fetch-site": "same-site",
    "sec-fetch-mode": "cors",
    "sec-fetch-dest": "empty",
    "referer": "http://localhost:8081/",
    "accept-encoding": "gzip, deflate, br, zstd",
    "accept-language": "pt-BR,pt;q=0.9,en-US;q=0.8,en;q=0.7",
    "if-none-match": "W/\"111-LUitScfcN5B8CEUiiXwn7QocJec\""
  },
  "responseTimeMs": "87.74 ms"
},
{
  "timestamp": "2025-08-17T22:49:53.930Z",
  "method": "GET",
  "url": "/",
  "statusCode": 404,
  "clientIp": "::1",
  "userAgent": "Mozilla/5.0 (Windows NT 10.0; Win64; x64) AppleWebKit/537.36 (KHTML, like Gecko) Chrome/139.0.0.0 Safari/537.36",
  "headers": {
    "host": "localhost:3000",
    "connection": "keep-alive",
    "sec-ch-ua": "\"Not;A=Brand\";v=\"99\", \"Google Chrome\";v=\"139\", \"Chromium\";v=\"139\"",
    "sec-ch-ua-mobile": "?0",
    "sec-ch-ua-platform": "\"Windows\"",
    "upgrade-insecure-requests": "1",
    "user-agent": "Mozilla/5.0 (Windows NT 10.0; Win64; x64) AppleWebKit/537.36 (KHTML, like Gecko) Chrome/139.0.0.0 Safari/537.36",
    "accept": "text/html,application/xhtml+xml,application/xml;q=0.9,image/avif,image/webp,image/apng,*/*;q=0.8,application/signed-exchange;v=b3;q=0.7",
    "sec-fetch-site": "none",
    "sec-fetch-mode": "navigate",
    "sec-fetch-user": "?1",
    "sec-fetch-dest": "document",
    "accept-encoding": "gzip, deflate, br, zstd",
    "accept-language": "pt-BR,pt;q=0.9,en-US;q=0.8,en;q=0.7",
    "cookie": "__next_hmr_refresh_hash__=80305549921f73c603679369e43ab424633457081244afec"
  },
  "queryParams": {},
  "requestBody": {},
  "responseTimeMs": "3.98 ms"
},
{
  "timestamp": "2025-08-17T22:49:57.537Z",
  "method": "GET",
  "url": "/docs",
  "statusCode": 301,
  "clientIp": "::1",
  "userAgent": "Mozilla/5.0 (Windows NT 10.0; Win64; x64) AppleWebKit/537.36 (KHTML, like Gecko) Chrome/139.0.0.0 Safari/537.36",
  "headers": {
    "host": "localhost:3000",
    "connection": "keep-alive",
    "sec-ch-ua": "\"Not;A=Brand\";v=\"99\", \"Google Chrome\";v=\"139\", \"Chromium\";v=\"139\"",
    "sec-ch-ua-mobile": "?0",
    "sec-ch-ua-platform": "\"Windows\"",
    "upgrade-insecure-requests": "1",
    "user-agent": "Mozilla/5.0 (Windows NT 10.0; Win64; x64) AppleWebKit/537.36 (KHTML, like Gecko) Chrome/139.0.0.0 Safari/537.36",
    "accept": "text/html,application/xhtml+xml,application/xml;q=0.9,image/avif,image/webp,image/apng,*/*;q=0.8,application/signed-exchange;v=b3;q=0.7",
    "sec-fetch-site": "none",
    "sec-fetch-mode": "navigate",
    "sec-fetch-user": "?1",
    "sec-fetch-dest": "document",
    "accept-encoding": "gzip, deflate, br, zstd",
    "accept-language": "pt-BR,pt;q=0.9,en-US;q=0.8,en;q=0.7",
    "cookie": "__next_hmr_refresh_hash__=80305549921f73c603679369e43ab424633457081244afec"
  },
  "queryParams": {},
  "requestBody": null,
  "responseTimeMs": "1.50 ms"
},
{
  "timestamp": "2025-08-17T22:49:57.569Z",
  "method": "GET",
  "url": "/docs/",
  "statusCode": 200,
  "clientIp": "::1",
  "userAgent": "Mozilla/5.0 (Windows NT 10.0; Win64; x64) AppleWebKit/537.36 (KHTML, like Gecko) Chrome/139.0.0.0 Safari/537.36",
  "headers": {
    "host": "localhost:3000",
    "connection": "keep-alive",
    "upgrade-insecure-requests": "1",
    "user-agent": "Mozilla/5.0 (Windows NT 10.0; Win64; x64) AppleWebKit/537.36 (KHTML, like Gecko) Chrome/139.0.0.0 Safari/537.36",
    "accept": "text/html,application/xhtml+xml,application/xml;q=0.9,image/avif,image/webp,image/apng,*/*;q=0.8,application/signed-exchange;v=b3;q=0.7",
    "sec-fetch-site": "none",
    "sec-fetch-mode": "navigate",
    "sec-fetch-user": "?1",
    "sec-fetch-dest": "document",
    "sec-ch-ua": "\"Not;A=Brand\";v=\"99\", \"Google Chrome\";v=\"139\", \"Chromium\";v=\"139\"",
    "sec-ch-ua-mobile": "?0",
    "sec-ch-ua-platform": "\"Windows\"",
    "accept-encoding": "gzip, deflate, br, zstd",
    "accept-language": "pt-BR,pt;q=0.9,en-US;q=0.8,en;q=0.7",
    "cookie": "__next_hmr_refresh_hash__=80305549921f73c603679369e43ab424633457081244afec"
  },
  "queryParams": {},
  "requestBody": null,
  "responseTimeMs": "2.09 ms"
},
{
  "timestamp": "2025-08-17T22:49:57.712Z",
  "method": "GET",
  "url": "/docs/swagger-ui.css",
  "statusCode": 200,
  "clientIp": "::1",
  "userAgent": "Mozilla/5.0 (Windows NT 10.0; Win64; x64) AppleWebKit/537.36 (KHTML, like Gecko) Chrome/139.0.0.0 Safari/537.36",
  "headers": {
    "host": "localhost:3000",
    "connection": "keep-alive",
    "sec-ch-ua-platform": "\"Windows\"",
    "user-agent": "Mozilla/5.0 (Windows NT 10.0; Win64; x64) AppleWebKit/537.36 (KHTML, like Gecko) Chrome/139.0.0.0 Safari/537.36",
    "sec-ch-ua": "\"Not;A=Brand\";v=\"99\", \"Google Chrome\";v=\"139\", \"Chromium\";v=\"139\"",
    "sec-ch-ua-mobile": "?0",
    "accept": "text/css,*/*;q=0.1",
    "sec-fetch-site": "same-origin",
    "sec-fetch-mode": "no-cors",
    "sec-fetch-dest": "style",
    "referer": "http://localhost:3000/docs/",
    "accept-encoding": "gzip, deflate, br, zstd",
    "accept-language": "pt-BR,pt;q=0.9,en-US;q=0.8,en;q=0.7",
    "cookie": "__next_hmr_refresh_hash__=80305549921f73c603679369e43ab424633457081244afec"
  },
  "queryParams": {},
  "requestBody": null,
  "responseTimeMs": "4.58 ms"
},
{
  "timestamp": "2025-08-17T22:49:57.714Z",
  "method": "GET",
  "url": "/docs/swagger-ui-init.js",
  "statusCode": 200,
  "clientIp": "::1",
  "userAgent": "Mozilla/5.0 (Windows NT 10.0; Win64; x64) AppleWebKit/537.36 (KHTML, like Gecko) Chrome/139.0.0.0 Safari/537.36",
  "headers": {
    "host": "localhost:3000",
    "connection": "keep-alive",
    "sec-ch-ua-platform": "\"Windows\"",
    "user-agent": "Mozilla/5.0 (Windows NT 10.0; Win64; x64) AppleWebKit/537.36 (KHTML, like Gecko) Chrome/139.0.0.0 Safari/537.36",
    "sec-ch-ua": "\"Not;A=Brand\";v=\"99\", \"Google Chrome\";v=\"139\", \"Chromium\";v=\"139\"",
    "sec-ch-ua-mobile": "?0",
    "accept": "*/*",
    "sec-fetch-site": "same-origin",
    "sec-fetch-mode": "no-cors",
    "sec-fetch-dest": "script",
    "referer": "http://localhost:3000/docs/",
    "accept-encoding": "gzip, deflate, br, zstd",
    "accept-language": "pt-BR,pt;q=0.9,en-US;q=0.8,en;q=0.7",
    "cookie": "__next_hmr_refresh_hash__=80305549921f73c603679369e43ab424633457081244afec"
  },
  "queryParams": {},
  "requestBody": null,
  "responseTimeMs": "0.55 ms"
},
{
  "timestamp": "2025-08-17T22:49:57.717Z",
  "method": "GET",
  "url": "/docs/swagger-ui-standalone-preset.js",
  "statusCode": 200,
  "clientIp": "::1",
  "userAgent": "Mozilla/5.0 (Windows NT 10.0; Win64; x64) AppleWebKit/537.36 (KHTML, like Gecko) Chrome/139.0.0.0 Safari/537.36",
  "headers": {
    "host": "localhost:3000",
    "connection": "keep-alive",
    "sec-ch-ua-platform": "\"Windows\"",
    "user-agent": "Mozilla/5.0 (Windows NT 10.0; Win64; x64) AppleWebKit/537.36 (KHTML, like Gecko) Chrome/139.0.0.0 Safari/537.36",
    "sec-ch-ua": "\"Not;A=Brand\";v=\"99\", \"Google Chrome\";v=\"139\", \"Chromium\";v=\"139\"",
    "sec-ch-ua-mobile": "?0",
    "accept": "*/*",
    "sec-fetch-site": "same-origin",
    "sec-fetch-mode": "no-cors",
    "sec-fetch-dest": "script",
    "referer": "http://localhost:3000/docs/",
    "accept-encoding": "gzip, deflate, br, zstd",
    "accept-language": "pt-BR,pt;q=0.9,en-US;q=0.8,en;q=0.7",
    "cookie": "__next_hmr_refresh_hash__=80305549921f73c603679369e43ab424633457081244afec"
  },
  "queryParams": {},
  "requestBody": null,
  "responseTimeMs": "6.24 ms"
},
{
  "timestamp": "2025-08-17T22:49:57.736Z",
  "method": "GET",
  "url": "/docs/swagger-ui-bundle.js",
  "statusCode": 200,
  "clientIp": "::1",
  "userAgent": "Mozilla/5.0 (Windows NT 10.0; Win64; x64) AppleWebKit/537.36 (KHTML, like Gecko) Chrome/139.0.0.0 Safari/537.36",
  "headers": {
    "host": "localhost:3000",
    "connection": "keep-alive",
    "sec-ch-ua-platform": "\"Windows\"",
    "user-agent": "Mozilla/5.0 (Windows NT 10.0; Win64; x64) AppleWebKit/537.36 (KHTML, like Gecko) Chrome/139.0.0.0 Safari/537.36",
    "sec-ch-ua": "\"Not;A=Brand\";v=\"99\", \"Google Chrome\";v=\"139\", \"Chromium\";v=\"139\"",
    "sec-ch-ua-mobile": "?0",
    "accept": "*/*",
    "sec-fetch-site": "same-origin",
    "sec-fetch-mode": "no-cors",
    "sec-fetch-dest": "script",
    "referer": "http://localhost:3000/docs/",
    "accept-encoding": "gzip, deflate, br, zstd",
    "accept-language": "pt-BR,pt;q=0.9,en-US;q=0.8,en;q=0.7",
    "cookie": "__next_hmr_refresh_hash__=80305549921f73c603679369e43ab424633457081244afec"
  },
  "queryParams": {},
  "requestBody": null,
  "responseTimeMs": "25.63 ms"
},
{
  "timestamp": "2025-08-17T22:49:58.356Z",
  "method": "GET",
  "url": "/docs/favicon-32x32.png",
  "statusCode": 200,
  "clientIp": "::1",
  "userAgent": "Mozilla/5.0 (Windows NT 10.0; Win64; x64) AppleWebKit/537.36 (KHTML, like Gecko) Chrome/139.0.0.0 Safari/537.36",
  "headers": {
    "host": "localhost:3000",
    "connection": "keep-alive",
    "sec-ch-ua-platform": "\"Windows\"",
    "user-agent": "Mozilla/5.0 (Windows NT 10.0; Win64; x64) AppleWebKit/537.36 (KHTML, like Gecko) Chrome/139.0.0.0 Safari/537.36",
    "sec-ch-ua": "\"Not;A=Brand\";v=\"99\", \"Google Chrome\";v=\"139\", \"Chromium\";v=\"139\"",
    "sec-ch-ua-mobile": "?0",
    "accept": "image/avif,image/webp,image/apng,image/svg+xml,image/*,*/*;q=0.8",
    "sec-fetch-site": "same-origin",
    "sec-fetch-mode": "no-cors",
    "sec-fetch-dest": "image",
    "referer": "http://localhost:3000/docs/",
    "accept-encoding": "gzip, deflate, br, zstd",
    "accept-language": "pt-BR,pt;q=0.9,en-US;q=0.8,en;q=0.7",
    "cookie": "__next_hmr_refresh_hash__=80305549921f73c603679369e43ab424633457081244afec"
  },
  "queryParams": {},
  "requestBody": null,
  "responseTimeMs": "1.56 ms"
},
{
  "timestamp": "2025-08-17T22:50:52.316Z",
  "method": "GET",
  "url": "/api/goals",
  "statusCode": 400,
  "clientIp": "::1",
  "userAgent": "PostmanRuntime/7.45.0",
  "headers": {
    "user-agent": "PostmanRuntime/7.45.0",
    "accept": "*/*",
    "cache-control": "no-cache",
    "postman-token": "5f633828-9a05-4b84-a390-73b7f7d0a018",
    "host": "localhost:3000",
    "accept-encoding": "gzip, deflate, br",
    "connection": "keep-alive"
  },
  "queryParams": {},
  "requestBody": {},
  "responseTimeMs": "1.42 ms"
},
{
  "timestamp": "2025-08-17T22:51:17.580Z",
  "method": "GET",
  "url": "/api/phrases",
  "statusCode": 200,
  "clientIp": "::1",
  "userAgent": "PostmanRuntime/7.45.0",
  "headers": {
    "user-agent": "PostmanRuntime/7.45.0",
    "accept": "*/*",
    "cache-control": "no-cache",
    "postman-token": "d93e487d-f1ca-499c-a655-d45db8cc36a0",
    "host": "localhost:3000",
    "accept-encoding": "gzip, deflate, br",
    "connection": "keep-alive"
  },
  "queryParams": {},
  "requestBody": {},
  "responseTimeMs": "3.75 ms"
},
{
  "timestamp": "2025-08-17T22:51:24.884Z",
  "method": "GET",
  "url": "/logs",
  "statusCode": 200,
  "clientIp": "::1",
  "userAgent": "Mozilla/5.0 (Windows NT 10.0; Win64; x64) AppleWebKit/537.36 (KHTML, like Gecko) Chrome/139.0.0.0 Safari/537.36",
  "headers": {
    "host": "localhost:3000",
    "connection": "keep-alive",
    "sec-ch-ua": "\"Not;A=Brand\";v=\"99\", \"Google Chrome\";v=\"139\", \"Chromium\";v=\"139\"",
    "sec-ch-ua-mobile": "?0",
    "sec-ch-ua-platform": "\"Windows\"",
    "upgrade-insecure-requests": "1",
    "user-agent": "Mozilla/5.0 (Windows NT 10.0; Win64; x64) AppleWebKit/537.36 (KHTML, like Gecko) Chrome/139.0.0.0 Safari/537.36",
    "accept": "text/html,application/xhtml+xml,application/xml;q=0.9,image/avif,image/webp,image/apng,*/*;q=0.8,application/signed-exchange;v=b3;q=0.7",
    "sec-fetch-site": "none",
    "sec-fetch-mode": "navigate",
    "sec-fetch-user": "?1",
    "sec-fetch-dest": "document",
    "accept-encoding": "gzip, deflate, br, zstd",
    "accept-language": "pt-BR,pt;q=0.9,en-US;q=0.8,en;q=0.7",
    "cookie": "__next_hmr_refresh_hash__=80305549921f73c603679369e43ab424633457081244afec"
  },
  "queryParams": {},
  "requestBody": null,
  "responseTimeMs": "5.20 ms"
},
